<?xml version="1.0" encoding="UTF-8"?>
<testsuite xmlns:xsi="http://www.w3.org/2001/XMLSchema-instance" xsi:noNamespaceSchemaLocation="https://maven.apache.org/surefire/maven-surefire-plugin/xsd/surefire-test-report.xsd" name="ru.yandex.practicum.filmorate.storage.FilmDBStorageTest" time="0.564" tests="8" errors="0" skipped="0" failures="1">
  <properties>
[...]
</properties>
  <testcase name="testGetFilmByIdWithInvalidId" classname="ru.yandex.practicum.filmorate.storage.FilmDBStorageTest" time="0.075"/>
  <testcase name="testFindAllFilms" classname="ru.yandex.practicum.filmorate.storage.FilmDBStorageTest" time="0.016"/>
  <testcase name="testDeleteValidFilm" classname="ru.yandex.practicum.filmorate.storage.FilmDBStorageTest" time="0.007"/>
  <testcase name="testUpdateValidFilm" classname="ru.yandex.practicum.filmorate.storage.FilmDBStorageTest" time="0.01"/>
  <testcase name="testCreateAndGetValidFilm" classname="ru.yandex.practicum.filmorate.storage.FilmDBStorageTest" time="0.08">
    <failure message="&#10;Expecting actual:&#10;  Film(id=5, name=Home Alone, description=A family comedy without the family., releaseDate=1990-11-10, duration=103, mpa=Mpa(id=2, name=PG), likes=[], genres=[Genre(id=1, name=РљРѕРјРµРґРёСЏ)])&#10;to be equal to:&#10;  Film(id=5, name=Home Alone, description=A family comedy without the family., releaseDate=1990-11-10, duration=103, mpa=Mpa(id=2, name=PG), likes=[], genres=[Genre(id=1, name=Комедия)])&#10;when recursively comparing field by field, but found the following difference:&#10;&#10;field/property &apos;genres[0].name&apos; differ:&#10;- actual value  : &quot;РљРѕРјРµРґРёСЏ&quot;&#10;- expected value: &quot;Комедия&quot;&#10;&#10;The recursive comparison was performed with this configuration:&#10;- no overridden equals methods were used in the comparison (except for java types)&#10;- these types were compared with the following comparators:&#10;  - java.lang.Double -&gt; DoubleComparator[precision=1.0E-15]&#10;  - java.lang.Float -&gt; FloatComparator[precision=1.0E-6]&#10;  - java.nio.file.Path -&gt; lexicographic comparator (Path natural order)&#10;- actual and expected objects and their fields were compared field by field recursively even if they were not of the same type, this allows for example to compare a Person to a PersonDto (call strictTypeChecking(true) to change that behavior).&#10;" type="java.lang.AssertionError">java.lang.AssertionError: 

Expecting actual:
  Film(id=5, name=Home Alone, description=A family comedy without the family., releaseDate=1990-11-10, duration=103, mpa=Mpa(id=2, name=PG), likes=[], genres=[Genre(id=1, name=РљРѕРјРµРґРёСЏ)])
to be equal to:
  Film(id=5, name=Home Alone, description=A family comedy without the family., releaseDate=1990-11-10, duration=103, mpa=Mpa(id=2, name=PG), likes=[], genres=[Genre(id=1, name=Комедия)])
when recursively comparing field by field, but found the following difference:

field/property 'genres[0].name' differ:
- actual value  : "РљРѕРјРµРґРёСЏ"
- expected value: "Комедия"

The recursive comparison was performed with this configuration:
- no overridden equals methods were used in the comparison (except for java types)
- these types were compared with the following comparators:
  - java.lang.Double -> DoubleComparator[precision=1.0E-15]
  - java.lang.Float -> FloatComparator[precision=1.0E-6]
  - java.nio.file.Path -> lexicographic comparator (Path natural order)
- actual and expected objects and their fields were compared field by field recursively even if they were not of the same type, this allows for example to compare a Person to a PersonDto (call strictTypeChecking(true) to change that behavior).

	at ru.yandex.practicum.filmorate.storage.FilmDBStorageTest.testCreateAndGetValidFilm(FilmDBStorageTest.java:56)
</failure>
    <system-out><![CDATA[2023-12-19 17:37:30.255  INFO 15040 --- [           main] o.s.t.c.transaction.TransactionContext   : Began transaction (1) for test context [DefaultTestContext@13346a64 testClass = FilmDBStorageTest, testInstance = ru.yandex.practicum.filmorate.storage.FilmDBStorageTest@407d2a01, testMethod = testCreateAndGetValidFilm@FilmDBStorageTest, testException = [null], mergedContextConfiguration = [MergedContextConfiguration@3fcb737 testClass = FilmDBStorageTest, locations = '{}', classes = '{class ru.yandex.practicum.filmorate.FilmorateApplication}', contextInitializerClasses = '[]', activeProfiles = '{}', propertySourceLocations = '{}', propertySourceProperties = '{org.springframework.boot.test.autoconfigure.jdbc.JdbcTestContextBootstrapper=true}', contextCustomizers = set[[ImportsContextCustomizer@7a22302c key = [org.springframework.boot.autoconfigure.transaction.TransactionAutoConfiguration, org.springframework.boot.autoconfigure.jdbc.DataSourceAutoConfiguration, org.springframework.boot.autoconfigure.cache.CacheAutoConfiguration, org.springframework.boot.autoconfigure.sql.init.SqlInitializationAutoConfiguration, org.springframework.boot.autoconfigure.jdbc.JdbcTemplateAutoConfiguration, org.springframework.boot.test.autoconfigure.jdbc.TestDatabaseAutoConfiguration, org.springframework.boot.autoconfigure.flyway.FlywayAutoConfiguration, org.springframework.boot.autoconfigure.jdbc.DataSourceTransactionManagerAutoConfiguration, org.springframework.boot.autoconfigure.liquibase.LiquibaseAutoConfiguration]], org.springframework.boot.test.context.filter.ExcludeFilterContextCustomizer@11f0a5a1, org.springframework.boot.test.json.DuplicateJsonObjectContextCustomizerFactory$DuplicateJsonObjectContextCustomizer@6bf08014, org.springframework.boot.test.mock.mockito.MockitoContextCustomizer@0, org.springframework.boot.test.autoconfigure.OverrideAutoConfigurationContextCustomizerFactory$DisableAutoConfigurationContextCustomizer@71a7cf7c, org.springframework.boot.test.autoconfigure.actuate.metrics.MetricsExportContextCustomizerFactory$DisableMetricExportContextCustomizer@7d286fb6, org.springframework.boot.test.autoconfigure.filter.TypeExcludeFiltersContextCustomizer@351584c0, org.springframework.boot.test.autoconfigure.properties.PropertyMappingContextCustomizer@858c992e, org.springframework.boot.test.autoconfigure.web.servlet.WebDriverContextCustomizerFactory$Customizer@3561c410, org.springframework.boot.test.context.SpringBootTestArgs@1, org.springframework.boot.test.context.SpringBootTestWebEnvironment@0], contextLoader = 'org.springframework.boot.test.context.SpringBootContextLoader', parent = [null]], attributes = map['org.springframework.test.context.event.ApplicationEventsTestExecutionListener.recordApplicationEvents' -> false]]; transaction manager [org.springframework.jdbc.support.JdbcTransactionManager@76bdfc19]; rollback [true]
2023-12-19 17:37:30.319  INFO 15040 --- [           main] o.s.t.c.transaction.TransactionContext   : Rolled back transaction for test: [DefaultTestContext@13346a64 testClass = FilmDBStorageTest, testInstance = ru.yandex.practicum.filmorate.storage.FilmDBStorageTest@407d2a01, testMethod = testCreateAndGetValidFilm@FilmDBStorageTest, testException = java.lang.AssertionError: 
Expecting actual:
  Film(id=5, name=Home Alone, description=A family comedy without the family., releaseDate=1990-11-10, duration=103, mpa=Mpa(id=2, name=PG), likes=[], genres=[Genre(id=1, name=РљРѕРјРµРґРёСЏ)])
to be equal to:
  Film(id=5, name=Home Alone, description=A family comedy without the family., releaseDate=1990-11-10, duration=103, mpa=Mpa(id=2, name=PG), likes=[], genres=[Genre(id=1, name=Комедия)])
when recursively comparing field by field, but found the following difference:

field/property 'genres[0].name' differ:
- actual value  : "РљРѕРјРµРґРёСЏ"
- expected value: "Комедия"

The recursive comparison was performed with this configuration:
- no overridden equals methods were used in the comparison (except for java types)
- these types were compared with the following comparators:
  - java.lang.Double -> DoubleComparator[precision=1.0E-15]
  - java.lang.Float -> FloatComparator[precision=1.0E-6]
  - java.nio.file.Path -> lexicographic comparator (Path natural order)
- actual and expected objects and their fields were compared field by field recursively even if they were not of the same type, this allows for example to compare a Person to a PersonDto (call strictTypeChecking(true) to change that behavior).
, mergedContextConfiguration = [MergedContextConfiguration@3fcb737 testClass = FilmDBStorageTest, locations = '{}', classes = '{class ru.yandex.practicum.filmorate.FilmorateApplication}', contextInitializerClasses = '[]', activeProfiles = '{}', propertySourceLocations = '{}', propertySourceProperties = '{org.springframework.boot.test.autoconfigure.jdbc.JdbcTestContextBootstrapper=true}', contextCustomizers = set[[ImportsContextCustomizer@7a22302c key = [org.springframework.boot.autoconfigure.transaction.TransactionAutoConfiguration, org.springframework.boot.autoconfigure.jdbc.DataSourceAutoConfiguration, org.springframework.boot.autoconfigure.cache.CacheAutoConfiguration, org.springframework.boot.autoconfigure.sql.init.SqlInitializationAutoConfiguration, org.springframework.boot.autoconfigure.jdbc.JdbcTemplateAutoConfiguration, org.springframework.boot.test.autoconfigure.jdbc.TestDatabaseAutoConfiguration, org.springframework.boot.autoconfigure.flyway.FlywayAutoConfiguration, org.springframework.boot.autoconfigure.jdbc.DataSourceTransactionManagerAutoConfiguration, org.springframework.boot.autoconfigure.liquibase.LiquibaseAutoConfiguration]], org.springframework.boot.test.context.filter.ExcludeFilterContextCustomizer@11f0a5a1, org.springframework.boot.test.json.DuplicateJsonObjectContextCustomizerFactory$DuplicateJsonObjectContextCustomizer@6bf08014, org.springframework.boot.test.mock.mockito.MockitoContextCustomizer@0, org.springframework.boot.test.autoconfigure.OverrideAutoConfigurationContextCustomizerFactory$DisableAutoConfigurationContextCustomizer@71a7cf7c, org.springframework.boot.test.autoconfigure.actuate.metrics.MetricsExportContextCustomizerFactory$DisableMetricExportContextCustomizer@7d286fb6, org.springframework.boot.test.autoconfigure.filter.TypeExcludeFiltersContextCustomizer@351584c0, org.springframework.boot.test.autoconfigure.properties.PropertyMappingContextCustomizer@858c992e, org.springframework.boot.test.autoconfigure.web.servlet.WebDriverContextCustomizerFactory$Customizer@3561c410, org.springframework.boot.test.context.SpringBootTestArgs@1, org.springframework.boot.test.context.SpringBootTestWebEnvironment@0], contextLoader = 'org.springframework.boot.test.context.SpringBootContextLoader', parent = [null]], attributes = map['org.springframework.test.context.event.ApplicationEventsTestExecutionListener.recordApplicationEvents' -> false]]
]]></system-out>
  </testcase>
  <testcase name="testFindAllFilmsEmpty" classname="ru.yandex.practicum.filmorate.storage.FilmDBStorageTest" time="0.005"/>
  <testcase name="testUpdateWithNonExistingReferences" classname="ru.yandex.practicum.filmorate.storage.FilmDBStorageTest" time="0.098"/>
  <testcase name="testUpdateNonExistingFilm" classname="ru.yandex.practicum.filmorate.storage.FilmDBStorageTest" time="0.006"/>
</testsuite>